<?xml version="1.0" encoding="UTF-8"?>
<!-- Generated by org.testng.reporters.JUnitXMLReporter -->
<testsuite ignored="0" hostname="LAPTOP-5RRVIRMR" failures="2" tests="2" name="Test1" time="26.798" errors="0" timestamp="2022-12-08T00:54:09 IST">
  <testcase classname="com.test.TS001_Login" name="TC001" time="3.856">
    <failure type="java.lang.AssertionError" message="expected [The password that you&amp;apos;ve entered is incorrect. ] but found [The password that you&amp;apos;ve entered is incorrect. Forgotten password?]">
      <![CDATA[java.lang.AssertionError: expected [The password that you've entered is incorrect. ] but found [The password that you've entered is incorrect. Forgotten password?]
at com.test.TS001_Login.TC001(TS001_Login.java:24)
at java.base/java.util.ArrayList.forEach(ArrayList.java:1511)
... Removed 31 stack frames]]>
    </failure>
  </testcase> <!-- TC001 -->
  <testcase classname="com.test.TS001_Login" name="TC002" time="1.201">
    <failure type="java.lang.AssertionError" message="expected [The email address or mobile number you entered isn&amp;apos;t connected to an account. ] but found [The email address or mobile number you entered isn&amp;apos;t connected to an account. Find your account and log in.]">
      <![CDATA[java.lang.AssertionError: expected [The email address or mobile number you entered isn't connected to an account. ] but found [The email address or mobile number you entered isn't connected to an account. Find your account and log in.]
at com.test.TS001_Login.TC002(TS001_Login.java:46)
at java.base/java.util.ArrayList.forEach(ArrayList.java:1511)
... Removed 31 stack frames]]>
    </failure>
  </testcase> <!-- TC002 -->
</testsuite> <!-- Test1 -->
