<?xml version="1.0" encoding="UTF-8"?>
<!-- Generated by org.testng.reporters.JUnitXMLReporter -->
<testsuite ignored="0" hostname="LAPTOP-5RRVIRMR" failures="1" tests="2" name="Test" time="9.771" errors="0" timestamp="2022-12-08T11:02:42 IST">
  <testcase classname="com.test.TS001_Login" name="TC001" time="5.121"/>
  <testcase classname="com.test.TS001_Login" name="TC001" time="9.756">
    <failure type="java.lang.NullPointerException" message="Cannot invoke &amp;quot;org.openqa.selenium.TakesScreenshot.getScreenshotAs(org.openqa.selenium.OutputType)&amp;quot; because &amp;quot;ts&amp;quot; is null">
      <![CDATA[java.lang.NullPointerException: Cannot invoke "org.openqa.selenium.TakesScreenshot.getScreenshotAs(org.openqa.selenium.OutputType)" because "ts" is null
at com.utility.Listners.getCapture(Listners.java:45)
at com.utility.Listners.onTestSuccess(Listners.java:25)
at java.base/java.util.ArrayList.forEach(ArrayList.java:1511)
... Removed 25 stack frames]]>
    </failure>
  </testcase> <!-- TC001 -->
</testsuite> <!-- Test -->
