<?xml version="1.0" encoding="UTF-8"?>
<testng-results ignored="0" total="3" passed="3" failed="0" skipped="0">
  <reporter-output>
  </reporter-output>
  <suite started-at="2022-12-09T10:39:24 IST" name="Suite" finished-at="2022-12-09T10:40:43 IST" duration-ms="78494">
    <groups>
    </groups>
    <test started-at="2022-12-09T10:39:24 IST" name="Test" finished-at="2022-12-09T10:40:43 IST" duration-ms="78494">
      <class name="com.test.TS001_Login">
        <test-method is-config="true" signature="BS()[pri:0, instance:com.test.TS001_Login@5ddeb7cb]" started-at="2022-12-09T10:39:24 IST" name="BS" finished-at="2022-12-09T10:39:24 IST" duration-ms="14" status="PASS">
          <reporter-output>
          </reporter-output>
        </test-method> <!-- BS -->
        <test-method is-config="true" signature="setup(java.lang.String)[pri:0, instance:com.test.TS001_Login@5ddeb7cb]" started-at="2022-12-09T10:39:24 IST" name="setup" finished-at="2022-12-09T10:39:31 IST" duration-ms="6975" status="PASS">
          <params>
            <param index="0">
              <value>
                <![CDATA[chrome]]>
              </value>
            </param>
          </params>
          <reporter-output>
          </reporter-output>
        </test-method> <!-- setup -->
        <test-method signature="TC001()[pri:0, instance:com.test.TS001_Login@5ddeb7cb]" started-at="2022-12-09T10:39:31 IST" name="TC001" finished-at="2022-12-09T10:39:33 IST" duration-ms="2342" status="PASS">
          <reporter-output>
          </reporter-output>
        </test-method> <!-- TC001 -->
        <test-method is-config="true" signature="teardown()[pri:0, instance:com.test.TS001_Login@5ddeb7cb]" started-at="2022-12-09T10:39:33 IST" name="teardown" finished-at="2022-12-09T10:39:52 IST" duration-ms="18270" status="PASS">
          <reporter-output>
          </reporter-output>
        </test-method> <!-- teardown -->
        <test-method is-config="true" signature="setup(java.lang.String)[pri:0, instance:com.test.TS001_Login@5ddeb7cb]" started-at="2022-12-09T10:39:52 IST" name="setup" finished-at="2022-12-09T10:39:58 IST" duration-ms="5972" status="PASS">
          <params>
            <param index="0">
              <value>
                <![CDATA[chrome]]>
              </value>
            </param>
          </params>
          <reporter-output>
          </reporter-output>
        </test-method> <!-- setup -->
        <test-method signature="TC002()[pri:0, instance:com.test.TS001_Login@5ddeb7cb]" started-at="2022-12-09T10:39:58 IST" name="TC002" finished-at="2022-12-09T10:40:00 IST" duration-ms="2833" status="PASS">
          <reporter-output>
          </reporter-output>
        </test-method> <!-- TC002 -->
        <test-method is-config="true" signature="teardown()[pri:0, instance:com.test.TS001_Login@5ddeb7cb]" started-at="2022-12-09T10:40:00 IST" name="teardown" finished-at="2022-12-09T10:40:19 IST" duration-ms="18256" status="PASS">
          <reporter-output>
          </reporter-output>
        </test-method> <!-- teardown -->
        <test-method is-config="true" signature="setup(java.lang.String)[pri:0, instance:com.test.TS001_Login@5ddeb7cb]" started-at="2022-12-09T10:40:19 IST" name="setup" finished-at="2022-12-09T10:40:28 IST" duration-ms="9042" status="PASS">
          <params>
            <param index="0">
              <value>
                <![CDATA[chrome]]>
              </value>
            </param>
          </params>
          <reporter-output>
          </reporter-output>
        </test-method> <!-- setup -->
        <test-method signature="TC003()[pri:0, instance:com.test.TS001_Login@5ddeb7cb]" started-at="2022-12-09T10:40:28 IST" name="TC003" finished-at="2022-12-09T10:40:40 IST" duration-ms="12680" status="PASS">
          <reporter-output>
          </reporter-output>
        </test-method> <!-- TC003 -->
        <test-method is-config="true" signature="teardown()[pri:0, instance:com.test.TS001_Login@5ddeb7cb]" started-at="2022-12-09T10:40:40 IST" name="teardown" finished-at="2022-12-09T10:40:43 IST" duration-ms="2094" status="PASS">
          <reporter-output>
          </reporter-output>
        </test-method> <!-- teardown -->
      </class> <!-- com.test.TS001_Login -->
    </test> <!-- Test -->
  </suite> <!-- Suite -->
</testng-results>
